<?xml version="1.0" encoding="UTF-8" ?>
<testsuite tests="1" failures="0" name="com.example.AppTest" time="0.001" errors="0" skipped="0">
  <properties>
    <property name="java.runtime.name" value="OpenJDK Runtime Environment"/>
    <property name="sun.boot.library.path" value="/Users/branthonycc/.sdkman/candidates/java/8.0.362-librca/jre/lib"/>
    <property name="java.vm.version" value="25.362-b09"/>
    <property name="gopherProxySet" value="false"/>
    <property name="java.vm.vendor" value="BellSoft"/>
    <property name="maven.multiModuleProjectDirectory" value="/Users/branthonycc/DaVinci/EDD/complejidad"/>
    <property name="java.vendor.url" value="https://bell-sw.com/"/>
    <property name="path.separator" value=":"/>
    <property name="guice.disable.misplaced.annotation.check" value="true"/>
    <property name="java.vm.name" value="OpenJDK 64-Bit Server VM"/>
    <property name="file.encoding.pkg" value="sun.io"/>
    <property name="user.country" value="GT"/>
    <property name="sun.java.launcher" value="SUN_STANDARD"/>
    <property name="sun.os.patch.level" value="unknown"/>
    <property name="java.vm.specification.name" value="Java Virtual Machine Specification"/>
    <property name="user.dir" value="/Users/branthonycc/DaVinci/EDD/complejidad"/>
    <property name="java.runtime.version" value="1.8.0_362-b09"/>
    <property name="java.awt.graphicsenv" value="sun.awt.CGraphicsEnvironment"/>
    <property name="java.endorsed.dirs" value="/Users/branthonycc/.sdkman/candidates/java/8.0.362-librca/jre/lib/endorsed"/>
    <property name="os.arch" value="aarch64"/>
    <property name="java.io.tmpdir" value="/var/folders/6x/qgbzbxkj15j_78vbpdxh8xc80000gn/T/"/>
    <property name="line.separator" value="
"/>
    <property name="java.vm.specification.vendor" value="Oracle Corporation"/>
    <property name="os.name" value="Mac OS X"/>
    <property name="classworlds.conf" value="/Users/branthonycc/.sdkman/candidates/maven/current/bin/m2.conf"/>
    <property name="sun.jnu.encoding" value="UTF-8"/>
    <property name="java.library.path" value="/Users/branthonycc/Library/Java/Extensions:/Library/Java/Extensions:/Network/Library/Java/Extensions:/System/Library/Java/Extensions:/usr/lib/java:."/>
    <property name="maven.conf" value="/Users/branthonycc/.sdkman/candidates/maven/current/conf"/>
    <property name="java.specification.name" value="Java Platform API Specification"/>
    <property name="java.class.version" value="52.0"/>
    <property name="sun.management.compiler" value="HotSpot 64-Bit Tiered Compilers"/>
    <property name="os.version" value="14.2.1"/>
    <property name="library.jansi.path" value="/Users/branthonycc/.sdkman/candidates/maven/current/lib/jansi-native"/>
    <property name="http.nonProxyHosts" value="local|*.local|169.254/16|*.169.254/16"/>
    <property name="user.home" value="/Users/branthonycc"/>
    <property name="user.timezone" value="America/Guatemala"/>
    <property name="java.awt.printerjob" value="sun.lwawt.macosx.CPrinterJob"/>
    <property name="java.specification.version" value="1.8"/>
    <property name="file.encoding" value="UTF-8"/>
    <property name="user.name" value="branthonycc"/>
    <property name="java.class.path" value="/Users/branthonycc/.sdkman/candidates/maven/current/boot/plexus-classworlds-2.5.2.jar"/>
    <property name="java.vm.specification.version" value="1.8"/>
    <property name="sun.arch.data.model" value="64"/>
    <property name="java.home" value="/Users/branthonycc/.sdkman/candidates/java/8.0.362-librca/jre"/>
    <property name="sun.java.command" value="org.codehaus.plexus.classworlds.launcher.Launcher clean package -U"/>
    <property name="java.specification.vendor" value="Oracle Corporation"/>
    <property name="user.language" value="en"/>
    <property name="awt.toolkit" value="sun.lwawt.macosx.LWCToolkit"/>
    <property name="java.vm.info" value="mixed mode"/>
    <property name="java.version" value="1.8.0_362"/>
    <property name="java.ext.dirs" value="/Users/branthonycc/Library/Java/Extensions:/Users/branthonycc/.sdkman/candidates/java/8.0.362-librca/jre/lib/ext:/Library/Java/Extensions:/Network/Library/Java/Extensions:/System/Library/Java/Extensions:/usr/lib/java"/>
    <property name="sun.boot.class.path" value="/Users/branthonycc/.sdkman/candidates/java/8.0.362-librca/jre/lib/resources.jar:/Users/branthonycc/.sdkman/candidates/java/8.0.362-librca/jre/lib/rt.jar:/Users/branthonycc/.sdkman/candidates/java/8.0.362-librca/jre/lib/sunrsasign.jar:/Users/branthonycc/.sdkman/candidates/java/8.0.362-librca/jre/lib/jsse.jar:/Users/branthonycc/.sdkman/candidates/java/8.0.362-librca/jre/lib/jce.jar:/Users/branthonycc/.sdkman/candidates/java/8.0.362-librca/jre/lib/charsets.jar:/Users/branthonycc/.sdkman/candidates/java/8.0.362-librca/jre/lib/jfr.jar:/Users/branthonycc/.sdkman/candidates/java/8.0.362-librca/jre/classes"/>
    <property name="java.vendor" value="BellSoft"/>
    <property name="java.specification.maintenance.version" value="4"/>
    <property name="maven.home" value="/Users/branthonycc/.sdkman/candidates/maven/current"/>
    <property name="file.separator" value="/"/>
    <property name="java.vendor.url.bug" value="https://bell-sw.com/support"/>
    <property name="sun.cpu.endian" value="little"/>
    <property name="sun.io.unicode.encoding" value="UnicodeBig"/>
    <property name="socksNonProxyHosts" value="local|*.local|169.254/16|*.169.254/16"/>
    <property name="ftp.nonProxyHosts" value="local|*.local|169.254/16|*.169.254/16"/>
    <property name="sun.cpu.isalist" value=""/>
  </properties>
  <testcase classname="com.example.AppTest" name="testApp" time="0.001"/>
</testsuite>